{
  "stats": {
    "suites": 1,
    "tests": 1,
    "passes": 1,
    "pending": 0,
    "failures": 0,
    "start": "2024-07-29T13:56:32.738Z",
    "end": "2024-07-29T13:56:36.484Z",
    "duration": 3746,
    "testsRegistered": 1,
    "passPercent": 100,
    "pendingPercent": 0,
    "other": 0,
    "hasOther": false,
    "skipped": 0,
    "hasSkipped": false
  },
  "results": [
    {
      "uuid": "cfc4c9e0-ffb0-4b9e-8d00-dbd3a0ffa246",
      "title": "",
      "fullFile": "/Users/tomasalvarez/WebstormProjects/AxiosTest/test/testebike.test.js",
      "file": "/testebike.test.js",
      "beforeHooks": [],
      "afterHooks": [],
      "tests": [],
      "suites": [
        {
          "uuid": "d14a1049-a155-4daa-965a-2b0466e8e123",
          "title": "E-bike added to the cart",
          "fullFile": "/Users/tomasalvarez/WebstormProjects/AxiosTest/test/testebike.test.js",
          "file": "/testebike.test.js",
          "beforeHooks": [],
          "afterHooks": [],
          "tests": [
            {
              "title": "testCaseName",
              "fullTitle": "E-bike added to the cart testCaseName",
              "timedOut": false,
              "duration": 3741,
              "state": "passed",
              "speed": "slow",
              "pass": true,
              "fail": false,
              "pending": false,
              "context": null,
              "code": "let request = {\n  url: `/carts/items/`,\n  method: \"POST\",\n  baseURL: \"https://azr-onlinedev-cto-apim.azure-api.net\",\n  headers: {\n    \"Content-Type\": \"application/json\",\n    // Authorization: `Bearer eyJhbGciOiJIUzI1NiIsInR5cCI6IkpXVCJ9.eyJ2IjozLCJwcm9maWxlSWQiOiJjYW1pbG8tZnVlbnRlcyIsImFwcFVzZXJJZCI6ImNhbWlsby1mdWVudGVzIiwiY29tbWVyY2VUb29sc0lkIjoiZGUwYjI4YzYtMTE3MS00MWE5LTgyY2MtNjIxMjNkMzQ3ZWU1IiwiZmlyc3ROYW1lIjoiQ2FtaWxvIiwibGFzdE5hbWUiOiJGdWVudGVzIiwiY3JlYXRlZE9uIjoiMTcyMDcwODM0NDM4OCIsImhhc2giOiIyUFcrV1AzeUVkVTBjU28reitJR2pvQnpuTjBqR0R0a3BOU2Q3WnBuK1JZPSIsImlhdCI6MTcyMDcwODM0NH0.V-OM0ElfqlvFLkCxceDMYMk764uaTkivtdsKD0G_G-U`,\n  },\n  data: {\n    sku: \"treadwell-neo-grey-sm\",\n    quantity: 1,\n    shippingMethod: \"D2C\",\n    country: \"US\",\n    currency: \"USD\",\n    location: \"en\",\n  },\n};\ntry {\n  response = await axios(request);\n} catch (e) {\n  console.log(\"Error: \" + e);\n}",
              "err": {},
              "uuid": "2ce85996-86a6-423d-81f8-519a1b46d74e",
              "parentUUID": "d14a1049-a155-4daa-965a-2b0466e8e123",
              "isHook": false,
              "skipped": false
            }
          ],
          "suites": [],
          "passes": [
            "2ce85996-86a6-423d-81f8-519a1b46d74e"
          ],
          "failures": [],
          "pending": [],
          "skipped": [],
          "duration": 3741,
          "root": false,
          "rootEmpty": false,
          "_timeout": 20000
        }
      ],
      "passes": [],
      "failures": [],
      "pending": [],
      "skipped": [],
      "duration": 0,
      "root": true,
      "rootEmpty": true,
      "_timeout": 20000
    }
  ],
  "meta": {
    "mocha": {
      "version": "10.6.0"
    },
    "mochawesome": {
      "options": {
        "quiet": false,
        "reportFilename": "mochawesome",
        "saveHtml": true,
        "saveJson": true,
        "consoleReporter": "spec",
        "useInlineDiffs": false,
        "code": true
      },
      "version": "7.1.3"
    },
    "marge": {
      "options": null,
      "version": "6.2.0"
    }
  }
}